<?xml version="1.0" encoding="UTF-8"?>
<!-- Generated by org.testng.reporters.JUnitReportReporter -->
<testsuite skipped="1" hostname="DESKTOP-EDCNBRC" name="com.training.regression.tests.LoginDBTest" tests="1" failures="0" timestamp="2020-08-18T22:47:08 EDT" time="0.000" errors="0">
  <testcase name="loginDBTest" time="0.000" classname="com.training.regression.tests.LoginDBTest">
    <skipped/>
  </testcase> <!-- loginDBTest -->
  <system-out/>
</testsuite> <!-- com.training.regression.tests.LoginDBTest -->
