<?xml version="1.0" encoding="UTF-8"?>
<!-- Generated by org.testng.reporters.JUnitReportReporter -->
<testsuite skipped="0" hostname="DESKTOP-EDCNBRC" name="com.training.sanity.tests.LoginTests" tests="1" failures="0" timestamp="2020-08-23T17:46:10 EDT" time="17.519" errors="0">
  <testcase name="validLoginTests" time="17.519" classname="com.training.sanity.tests.LoginTests"/>
  <system-out/>
</testsuite> <!-- com.training.sanity.tests.LoginTests -->
