<?xml version="1.0" encoding="UTF-8"?>
<!-- Generated by org.testng.reporters.JUnitReportReporter -->
<testsuite skipped="0" hostname="DESKTOP-EDCNBRC" name="com.training.sanity.tests.RegisterTest" tests="1" failures="0" timestamp="2020-08-19T22:44:54 EDT" time="15.255" errors="0">
  <testcase name="validRegisterTest" time="15.255" classname="com.training.sanity.tests.RegisterTest"/>
  <system-out/>
</testsuite> <!-- com.training.sanity.tests.RegisterTest -->
